app/build/intermediates/manifest_merge_blame_file/debug/processDebugMainManifest/manifest-merger-blame-debug-report.txt
1<?xml version="1.0" encoding="utf-8"?>
2<manifest xmlns:android="http://schemas.android.com/apk/res/android"
3    package="com.example.annamstudyroomapp"
4    android:versionCode="27"
5    android:versionName="1.0" >
6
7    <uses-sdk
8        android:minSdkVersion="26"
9        android:targetSdkVersion="36" />
10
11    <uses-permission android:name="android.permission.INTERNET" />
11-->src\main\AndroidManifest.xml:4:5-67
11-->src\main\AndroidManifest.xml:4:22-64
12    <uses-permission android:name="android.permission.ACCESS_NETWORK_STATE" />
12-->src\main\AndroidManifest.xml:5:5-79
12-->src\main\AndroidManifest.xml:5:22-76
13
14    <permission
14-->[androidx.core:core:1.17.0] AndroidManifest.xml:22:5-24:47
15        android:name="com.example.annamstudyroomapp.DYNAMIC_RECEIVER_NOT_EXPORTED_PERMISSION"
15-->[androidx.core:core:1.17.0] AndroidManifest.xml:23:9-81
16        android:protectionLevel="signature" />
16-->[androidx.core:core:1.17.0] AndroidManifest.xml:24:9-44
17
18    <uses-permission android:name="com.example.annamstudyroomapp.DYNAMIC_RECEIVER_NOT_EXPORTED_PERMISSION" />
18-->[androidx.core:core:1.17.0] AndroidManifest.xml:26:5-97
18-->[androidx.core:core:1.17.0] AndroidManifest.xml:26:22-94
19    <uses-permission android:name="android.permission.REORDER_TASKS" />
19-->[androidx.test:core:1.7.0] AndroidManifest.xml:24:5-72
19-->[androidx.test:core:1.7.0] AndroidManifest.xml:24:22-69
20
21    <queries>
21-->[androidx.test:runner:1.5.0] AndroidManifest.xml:24:5-28:15
22        <package android:name="androidx.test.orchestrator" />
22-->[androidx.test:runner:1.5.0] AndroidManifest.xml:25:9-62
22-->[androidx.test:runner:1.5.0] AndroidManifest.xml:25:18-59
23        <package android:name="androidx.test.services" />
23-->[androidx.test:runner:1.5.0] AndroidManifest.xml:26:9-58
23-->[androidx.test:runner:1.5.0] AndroidManifest.xml:26:18-55
24        <package android:name="com.google.android.apps.common.testing.services" />
24-->[androidx.test:runner:1.5.0] AndroidManifest.xml:27:9-83
24-->[androidx.test:runner:1.5.0] AndroidManifest.xml:27:18-80
25    </queries>
26
27    <application
27-->src\main\AndroidManifest.xml:7:5-27:19
28        android:allowBackup="true"
28-->src\main\AndroidManifest.xml:8:9-35
29        android:appComponentFactory="androidx.core.app.CoreComponentFactory"
29-->[androidx.core:core:1.17.0] AndroidManifest.xml:28:18-86
30        android:dataExtractionRules="@xml/data_extraction_rules"
30-->src\main\AndroidManifest.xml:9:9-65
31        android:debuggable="true"
32        android:extractNativeLibs="false"
33        android:fullBackupContent="@xml/backup_rules"
33-->src\main\AndroidManifest.xml:10:9-54
34        android:icon="@mipmap/ic_launcher"
34-->src\main\AndroidManifest.xml:11:9-43
35        android:label="@string/app_name"
35-->src\main\AndroidManifest.xml:12:9-41
36        android:localeConfig="@xml/_generated_res_locale_config"
37        android:roundIcon="@mipmap/ic_launcher_round"
37-->src\main\AndroidManifest.xml:13:9-54
38        android:supportsRtl="true"
38-->src\main\AndroidManifest.xml:14:9-35
39        android:testOnly="true"
40        android:theme="@style/Theme.AnNamStudyRoomApp" >
40-->src\main\AndroidManifest.xml:15:9-55
41        <activity
41-->src\main\AndroidManifest.xml:16:9-26:20
42            android:name="com.example.annamstudyroomapp.MainActivity"
42-->src\main\AndroidManifest.xml:17:13-41
43            android:exported="true"
43-->src\main\AndroidManifest.xml:18:13-36
44            android:label="@string/app_name"
44-->src\main\AndroidManifest.xml:19:13-45
45            android:theme="@style/Theme.AnNamStudyRoomApp" >
45-->src\main\AndroidManifest.xml:20:13-59
46            <intent-filter>
46-->src\main\AndroidManifest.xml:21:13-25:29
47                <action android:name="android.intent.action.MAIN" />
47-->src\main\AndroidManifest.xml:22:17-69
47-->src\main\AndroidManifest.xml:22:25-66
48
49                <category android:name="android.intent.category.LAUNCHER" />
49-->src\main\AndroidManifest.xml:24:17-77
49-->src\main\AndroidManifest.xml:24:27-74
50            </intent-filter>
51        </activity>
52        <activity
52-->[androidx.compose.ui:ui-test-manifest:1.10.0] AndroidManifest.xml:23:9-26:79
53            android:name="androidx.activity.ComponentActivity"
53-->[androidx.compose.ui:ui-test-manifest:1.10.0] AndroidManifest.xml:24:13-63
54            android:exported="true"
54-->[androidx.compose.ui:ui-test-manifest:1.10.0] AndroidManifest.xml:25:13-36
55            android:theme="@android:style/Theme.Material.Light.NoActionBar" />
55-->[androidx.compose.ui:ui-test-manifest:1.10.0] AndroidManifest.xml:26:13-76
56
57        <uses-library
57-->[androidx.window:window:1.5.0] AndroidManifest.xml:23:9-25:40
58            android:name="androidx.window.extensions"
58-->[androidx.window:window:1.5.0] AndroidManifest.xml:24:13-54
59            android:required="false" />
59-->[androidx.window:window:1.5.0] AndroidManifest.xml:25:13-37
60        <uses-library
60-->[androidx.window:window:1.5.0] AndroidManifest.xml:26:9-28:40
61            android:name="androidx.window.sidecar"
61-->[androidx.window:window:1.5.0] AndroidManifest.xml:27:13-51
62            android:required="false" />
62-->[androidx.window:window:1.5.0] AndroidManifest.xml:28:13-37
63
64        <provider
64-->[androidx.emoji2:emoji2:1.4.0] AndroidManifest.xml:24:9-32:20
65            android:name="androidx.startup.InitializationProvider"
65-->[androidx.emoji2:emoji2:1.4.0] AndroidManifest.xml:25:13-67
66            android:authorities="com.example.annamstudyroomapp.androidx-startup"
66-->[androidx.emoji2:emoji2:1.4.0] AndroidManifest.xml:26:13-68
67            android:exported="false" >
67-->[androidx.emoji2:emoji2:1.4.0] AndroidManifest.xml:27:13-37
68            <meta-data
68-->[androidx.emoji2:emoji2:1.4.0] AndroidManifest.xml:29:13-31:52
69                android:name="androidx.emoji2.text.EmojiCompatInitializer"
69-->[androidx.emoji2:emoji2:1.4.0] AndroidManifest.xml:30:17-75
70                android:value="androidx.startup" />
70-->[androidx.emoji2:emoji2:1.4.0] AndroidManifest.xml:31:17-49
71            <meta-data
71-->[androidx.lifecycle:lifecycle-process:2.9.4] AndroidManifest.xml:29:13-31:52
72                android:name="androidx.lifecycle.ProcessLifecycleInitializer"
72-->[androidx.lifecycle:lifecycle-process:2.9.4] AndroidManifest.xml:30:17-78
73                android:value="androidx.startup" />
73-->[androidx.lifecycle:lifecycle-process:2.9.4] AndroidManifest.xml:31:17-49
74            <meta-data
74-->[androidx.profileinstaller:profileinstaller:1.4.0] AndroidManifest.xml:29:13-31:52
75                android:name="androidx.profileinstaller.ProfileInstallerInitializer"
75-->[androidx.profileinstaller:profileinstaller:1.4.0] AndroidManifest.xml:30:17-85
76                android:value="androidx.startup" />
76-->[androidx.profileinstaller:profileinstaller:1.4.0] AndroidManifest.xml:31:17-49
77        </provider>
78
79        <activity
79-->[androidx.test:core:1.7.0] AndroidManifest.xml:27:9-34:20
80            android:name="androidx.test.core.app.InstrumentationActivityInvoker$BootstrapActivity"
80-->[androidx.test:core:1.7.0] AndroidManifest.xml:28:13-99
81            android:exported="true"
81-->[androidx.test:core:1.7.0] AndroidManifest.xml:29:13-36
82            android:theme="@style/WhiteBackgroundTheme" >
82-->[androidx.test:core:1.7.0] AndroidManifest.xml:30:13-56
83            <intent-filter android:priority="-100" >
83-->[androidx.test:core:1.7.0] AndroidManifest.xml:31:13-33:29
83-->[androidx.test:core:1.7.0] AndroidManifest.xml:31:28-51
84                <category android:name="android.intent.category.LAUNCHER" />
84-->src\main\AndroidManifest.xml:24:17-77
84-->src\main\AndroidManifest.xml:24:27-74
85            </intent-filter>
86        </activity>
87        <activity
87-->[androidx.test:core:1.7.0] AndroidManifest.xml:35:9-42:20
88            android:name="androidx.test.core.app.InstrumentationActivityInvoker$EmptyActivity"
88-->[androidx.test:core:1.7.0] AndroidManifest.xml:36:13-95
89            android:exported="true"
89-->[androidx.test:core:1.7.0] AndroidManifest.xml:37:13-36
90            android:theme="@style/WhiteBackgroundTheme" >
90-->[androidx.test:core:1.7.0] AndroidManifest.xml:38:13-56
91            <intent-filter android:priority="-100" >
91-->[androidx.test:core:1.7.0] AndroidManifest.xml:31:13-33:29
91-->[androidx.test:core:1.7.0] AndroidManifest.xml:31:28-51
92                <category android:name="android.intent.category.LAUNCHER" />
92-->src\main\AndroidManifest.xml:24:17-77
92-->src\main\AndroidManifest.xml:24:27-74
93            </intent-filter>
94        </activity>
95        <activity
95-->[androidx.test:core:1.7.0] AndroidManifest.xml:43:9-50:20
96            android:name="androidx.test.core.app.InstrumentationActivityInvoker$EmptyFloatingActivity"
96-->[androidx.test:core:1.7.0] AndroidManifest.xml:44:13-103
97            android:exported="true"
97-->[androidx.test:core:1.7.0] AndroidManifest.xml:45:13-36
98            android:theme="@style/WhiteBackgroundDialogTheme" >
98-->[androidx.test:core:1.7.0] AndroidManifest.xml:46:13-62
99            <intent-filter android:priority="-100" >
99-->[androidx.test:core:1.7.0] AndroidManifest.xml:31:13-33:29
99-->[androidx.test:core:1.7.0] AndroidManifest.xml:31:28-51
100                <category android:name="android.intent.category.LAUNCHER" />
100-->src\main\AndroidManifest.xml:24:17-77
100-->src\main\AndroidManifest.xml:24:27-74
101            </intent-filter>
102        </activity>
103
104        <service
104-->[androidx.room:room-runtime-android:2.8.3] AndroidManifest.xml:24:9-28:63
105            android:name="androidx.room.MultiInstanceInvalidationService"
105-->[androidx.room:room-runtime-android:2.8.3] AndroidManifest.xml:25:13-74
106            android:directBootAware="true"
106-->[androidx.room:room-runtime-android:2.8.3] AndroidManifest.xml:26:13-43
107            android:exported="false" />
107-->[androidx.room:room-runtime-android:2.8.3] AndroidManifest.xml:27:13-37
108
109        <receiver
109-->[androidx.profileinstaller:profileinstaller:1.4.0] AndroidManifest.xml:34:9-52:20
110            android:name="androidx.profileinstaller.ProfileInstallReceiver"
110-->[androidx.profileinstaller:profileinstaller:1.4.0] AndroidManifest.xml:35:13-76
111            android:directBootAware="false"
111-->[androidx.profileinstaller:profileinstaller:1.4.0] AndroidManifest.xml:36:13-44
112            android:enabled="true"
112-->[androidx.profileinstaller:profileinstaller:1.4.0] AndroidManifest.xml:37:13-35
113            android:exported="true"
113-->[androidx.profileinstaller:profileinstaller:1.4.0] AndroidManifest.xml:38:13-36
114            android:permission="android.permission.DUMP" >
114-->[androidx.profileinstaller:profileinstaller:1.4.0] AndroidManifest.xml:39:13-57
115            <intent-filter>
115-->[androidx.profileinstaller:profileinstaller:1.4.0] AndroidManifest.xml:40:13-42:29
116                <action android:name="androidx.profileinstaller.action.INSTALL_PROFILE" />
116-->[androidx.profileinstaller:profileinstaller:1.4.0] AndroidManifest.xml:41:17-91
116-->[androidx.profileinstaller:profileinstaller:1.4.0] AndroidManifest.xml:41:25-88
117            </intent-filter>
118            <intent-filter>
118-->[androidx.profileinstaller:profileinstaller:1.4.0] AndroidManifest.xml:43:13-45:29
119                <action android:name="androidx.profileinstaller.action.SKIP_FILE" />
119-->[androidx.profileinstaller:profileinstaller:1.4.0] AndroidManifest.xml:44:17-85
119-->[androidx.profileinstaller:profileinstaller:1.4.0] AndroidManifest.xml:44:25-82
120            </intent-filter>
121            <intent-filter>
121-->[androidx.profileinstaller:profileinstaller:1.4.0] AndroidManifest.xml:46:13-48:29
122                <action android:name="androidx.profileinstaller.action.SAVE_PROFILE" />
122-->[androidx.profileinstaller:profileinstaller:1.4.0] AndroidManifest.xml:47:17-88
122-->[androidx.profileinstaller:profileinstaller:1.4.0] AndroidManifest.xml:47:25-85
123            </intent-filter>
124            <intent-filter>
124-->[androidx.profileinstaller:profileinstaller:1.4.0] AndroidManifest.xml:49:13-51:29
125                <action android:name="androidx.profileinstaller.action.BENCHMARK_OPERATION" />
125-->[androidx.profileinstaller:profileinstaller:1.4.0] AndroidManifest.xml:50:17-95
125-->[androidx.profileinstaller:profileinstaller:1.4.0] AndroidManifest.xml:50:25-92
126            </intent-filter>
127        </receiver>
128    </application>
129
130</manifest>